# JRE version: OpenJDK Runtime Environment (11.0.11+9) (build 11.0.11+9-Ubuntu-0ubuntu2.20.04)
# Java VM: OpenJDK 64-Bit Server VM (11.0.11+9-Ubuntu-0ubuntu2.20.04, mixed mode, sharing, tiered, compressed oops, g1 gc, linux-amd64)
Heap:
 garbage-first heap   total 350208K, used 241352K [0x0000000080000000, 0x0000000100000000)
  region size 1024K, 43 young (44032K), 9 survivors (9216K)
 Metaspace       used 74875K, capacity 80178K, committed 80420K, reserved 1118208K
  class space    used 10062K, capacity 11962K, committed 12068K, reserved 1048576K
GC Heap History (20 events):
Event: 20,289 GC heap before
{Heap before GC invocations=29 (full 0):
 garbage-first heap   total 198656K, used 150639K [0x0000000080000000, 0x0000000100000000)
  region size 1024K, 34 young (34816K), 2 survivors (2048K)
 Metaspace       used 66587K, capacity 70913K, committed 71076K, reserved 1110016K
  class space    used 9044K, capacity 10576K, committed 10660K, reserved 1048576K
}
Event: 20,302 GC heap after
{Heap after GC invocations=30 (full 0):
 garbage-first heap   total 198656K, used 121544K [0x0000000080000000, 0x0000000100000000)
  region size 1024K, 5 young (5120K), 5 survivors (5120K)
 Metaspace       used 66587K, capacity 70913K, committed 71076K, reserved 1110016K
  class space    used 9044K, capacity 10576K, committed 10660K, reserved 1048576K
}
Event: 20,591 GC heap before
{Heap before GC invocations=31 (full 0):
 garbage-first heap   total 198656K, used 139976K [0x0000000080000000, 0x0000000100000000)
  region size 1024K, 24 young (24576K), 5 survivors (5120K)
 Metaspace       used 66937K, capacity 71648K, committed 71972K, reserved 1110016K
  class space    used 9094K, capacity 10749K, committed 10788K, reserved 1048576K
}
Event: 20,610 GC heap after
{Heap after GC invocations=32 (full 0):
 garbage-first heap   total 198656K, used 126467K [0x0000000080000000, 0x0000000100000000)
  region size 1024K, 5 young (5120K), 5 survivors (5120K)
 Metaspace       used 66937K, capacity 71648K, committed 71972K, reserved 1110016K
  class space    used 9094K, capacity 10749K, committed 10788K, reserved 1048576K
}
Event: 21,174 GC heap before
{Heap before GC invocations=33 (full 0):
 garbage-first heap   total 198656K, used 156163K [0x0000000080000000, 0x0000000100000000)
  region size 1024K, 32 young (32768K), 5 survivors (5120K)
 Metaspace       used 68531K, capacity 73473K, committed 73892K, reserved 1112064K
  class space    used 9314K, capacity 11100K, committed 11172K, reserved 1048576K
}
Event: 21,193 GC heap after
{Heap after GC invocations=34 (full 0):
 garbage-first heap   total 238592K, used 135057K [0x0000000080000000, 0x0000000100000000)
  region size 1024K, 4 young (4096K), 4 survivors (4096K)
 Metaspace       used 68531K, capacity 73473K, committed 73892K, reserved 1112064K
  class space    used 9314K, capacity 11100K, committed 11172K, reserved 1048576K
}
Event: 21,784 GC heap before
{Heap before GC invocations=34 (full 0):
 garbage-first heap   total 238592K, used 172945K [0x0000000080000000, 0x0000000100000000)
  region size 1024K, 41 young (41984K), 4 survivors (4096K)
 Metaspace       used 70333K, capacity 75380K, committed 75684K, reserved 1114112K
  class space    used 9556K, capacity 11354K, committed 11428K, reserved 1048576K
}
Event: 21,810 GC heap after
{Heap after GC invocations=35 (full 0):
 garbage-first heap   total 238592K, used 140433K [0x0000000080000000, 0x0000000100000000)
  region size 1024K, 5 young (5120K), 5 survivors (5120K)
 Metaspace       used 70333K, capacity 75380K, committed 75684K, reserved 1114112K
  class space    used 9556K, capacity 11354K, committed 11428K, reserved 1048576K
}
Event: 22,609 GC heap before
{Heap before GC invocations=36 (full 0):
 garbage-first heap   total 238592K, used 178321K [0x0000000080000000, 0x0000000100000000)
  region size 1024K, 42 young (43008K), 5 survivors (5120K)
 Metaspace       used 71739K, capacity 76888K, committed 77092K, reserved 1114112K
  class space    used 9697K, capacity 11495K, committed 11556K, reserved 1048576K
}
Event: 22,650 GC heap after
{Heap after GC invocations=37 (full 0):
 garbage-first heap   total 238592K, used 147536K [0x0000000080000000, 0x0000000100000000)
  region size 1024K, 6 young (6144K), 6 survivors (6144K)
 Metaspace       used 71739K, capacity 76888K, committed 77092K, reserved 1114112K
  class space    used 9697K, capacity 11495K, committed 11556K, reserved 1048576K
}
Event: 23,123 GC heap before
{Heap before GC invocations=37 (full 0):
 garbage-first heap   total 238592K, used 184400K [0x0000000080000000, 0x0000000100000000)
  region size 1024K, 42 young (43008K), 6 survivors (6144K)
 Metaspace       used 72461K, capacity 77568K, committed 77988K, reserved 1116160K
  class space    used 9770K, capacity 11605K, committed 11684K, reserved 1048576K
}
Event: 23,157 GC heap after
{Heap after GC invocations=38 (full 0):
 garbage-first heap   total 238592K, used 154299K [0x0000000080000000, 0x0000000100000000)
  region size 1024K, 6 young (6144K), 6 survivors (6144K)
 Metaspace       used 72461K, capacity 77568K, committed 77988K, reserved 1116160K
  class space    used 9770K, capacity 11605K, committed 11684K, reserved 1048576K
}
Event: 23,504 GC heap before
{Heap before GC invocations=38 (full 0):
 garbage-first heap   total 238592K, used 189115K [0x0000000080000000, 0x0000000100000000)
  region size 1024K, 40 young (40960K), 6 survivors (6144K)
 Metaspace       used 72553K, capacity 77696K, committed 77988K, reserved 1116160K
  class space    used 9770K, capacity 11605K, committed 11684K, reserved 1048576K
}
Event: 23,527 GC heap after
{Heap after GC invocations=39 (full 0):
 garbage-first heap   total 350208K, used 161480K [0x0000000080000000, 0x0000000100000000)
  region size 1024K, 5 young (5120K), 5 survivors (5120K)
 Metaspace       used 72553K, capacity 77696K, committed 77988K, reserved 1116160K
  class space    used 9770K, capacity 11605K, committed 11684K, reserved 1048576K
}
Event: 24,069 GC heap before
{Heap before GC invocations=40 (full 0):
 garbage-first heap   total 350208K, used 229064K [0x0000000080000000, 0x0000000100000000)
  region size 1024K, 71 young (72704K), 5 survivors (5120K)
 Metaspace       used 72692K, capacity 77788K, committed 77988K, reserved 1116160K
  class space    used 9772K, capacity 11610K, committed 11684K, reserved 1048576K
}
Event: 24,096 GC heap after
{Heap after GC invocations=41 (full 0):
 garbage-first heap   total 350208K, used 174792K [0x0000000080000000, 0x0000000100000000)
  region size 1024K, 9 young (9216K), 9 survivors (9216K)
 Metaspace       used 72692K, capacity 77788K, committed 77988K, reserved 1116160K
  class space    used 9772K, capacity 11610K, committed 11684K, reserved 1048576K
}
Event: 24,562 GC heap before
{Heap before GC invocations=41 (full 0):
 garbage-first heap   total 350208K, used 244424K [0x0000000080000000, 0x0000000100000000)
  region size 1024K, 77 young (78848K), 9 survivors (9216K)
 Metaspace       used 73410K, capacity 78643K, committed 78884K, reserved 1116160K
  class space    used 9857K, capacity 11715K, committed 11812K, reserved 1048576K
}
Event: 24,611 GC heap after
{Heap after GC invocations=42 (full 0):
 garbage-first heap   total 350208K, used 195272K [0x0000000080000000, 0x0000000100000000)
  region size 1024K, 10 young (10240K), 10 survivors (10240K)
 Metaspace       used 73410K, capacity 78643K, committed 78884K, reserved 1116160K
  class space    used 9857K, capacity 11715K, committed 11812K, reserved 1048576K
}
Event: 25,525 GC heap before
{Heap before GC invocations=42 (full 0):
 garbage-first heap   total 350208K, used 258760K [0x0000000080000000, 0x0000000100000000)
  region size 1024K, 72 young (73728K), 10 survivors (10240K)
 Metaspace       used 74687K, capacity 79984K, committed 80164K, reserved 1118208K
  class space    used 10060K, capacity 11962K, committed 12068K, reserved 1048576K
}
Event: 25,584 GC heap after
{Heap after GC invocations=43 (full 0):
 garbage-first heap   total 350208K, used 208584K [0x0000000080000000, 0x0000000100000000)
  region size 1024K, 9 young (9216K), 9 survivors (9216K)
 Metaspace       used 74687K, capacity 79984K, committed 80164K, reserved 1118208K
  class space    used 10060K, capacity 11962K, committed 12068K, reserved 1048576K
}

